<?xml version="1.0" encoding="UTF-8"?>
<!-- Generated by org.testng.reporters.JUnitReportReporter -->
<testsuite hostname="QT-INNO-LT1384" failures="0" tests="2" name="tests.GetandPost" time="2.878" errors="0" timestamp="2022-06-14T15:38:34 IST" skipped="0">
  <testcase classname="tests.GetandPost" name="testGet" time="2.254"/>
  <system-out/>
  <testcase classname="tests.GetandPost" name="testPost" time="0.624"/>
  <system-out/>
</testsuite> <!-- tests.GetandPost -->
