<?xml version="1.0" encoding="UTF-8"?>
<!-- Generated by org.testng.reporters.JUnitReportReporter -->
<testsuite hostname="QT-INNO-LT1384" failures="0" tests="3" name="tests.PutPatchDelete" time="3.805" errors="0" timestamp="2022-06-15T10:02:55 IST" skipped="0">
  <testcase classname="tests.PutPatchDelete" name="testPut" time="0.437"/>
  <system-out/>
  <testcase classname="tests.PutPatchDelete" name="testPatch" time="0.579"/>
  <system-out/>
  <testcase classname="tests.PutPatchDelete" name="testDelete" time="2.789"/>
  <system-out/>
</testsuite> <!-- tests.PutPatchDelete -->
