<?xml version="1.0" encoding="UTF-8"?>
<!-- Generated by org.testng.reporters.JUnitReportReporter -->
<testsuite hostname="QT-INNO-LT1384" failures="0" tests="2" name="tests.TestsExamples" time="2.523" errors="0" timestamp="2022-06-14T14:43:18 IST" skipped="0">
  <testcase classname="tests.TestsExamples" name="test_1" time="1.664"/>
  <system-out/>
  <testcase classname="tests.TestsExamples" name="test_2" time="0.859"/>
  <system-out/>
</testsuite> <!-- tests.TestsExamples -->
