<?xml version="1.0" encoding="UTF-8"?>
<!-- Generated by org.testng.reporters.JUnitReportReporter -->
<testsuite hostname="QT-INNO-LT1384" failures="0" tests="1" name="tests.SoapXMLRequest" time="2.530" errors="0" timestamp="2022-06-15T13:43:54 IST" skipped="0">
  <testcase classname="tests.SoapXMLRequest" name="validateSoapXML" time="2.530"/>
  <system-out/>
</testsuite> <!-- tests.SoapXMLRequest -->
