<?xml version="1.0" encoding="UTF-8"?>
<!-- Generated by org.testng.reporters.JUnitReportReporter -->
<testsuite hostname="QT-INNO-LT1384" failures="0" tests="1" name="tests.JSONSchemaValidator" time="2.119" errors="0" timestamp="2022-06-15T14:56:38 IST" skipped="0">
  <testcase classname="tests.JSONSchemaValidator" name="testGet" time="2.119"/>
  <system-out/>
</testsuite> <!-- tests.JSONSchemaValidator -->
