<?xml version="1.0" encoding="UTF-8"?>
<!-- Generated by org.testng.reporters.JUnitReportReporter -->
<testsuite hostname="QT-INNO-LT1384" failures="0" tests="1" name="tests.TestsOnLocalAPI" time="1.797" errors="0" timestamp="2022-06-15T11:14:13 IST" skipped="0">
  <testcase classname="tests.TestsOnLocalAPI" name="post" time="1.797"/>
  <system-out/>
</testsuite> <!-- tests.TestsOnLocalAPI -->
